<?xml version="1.0" encoding="UTF-8"?>
<testsuite name="todd.spike.SlfSpike" tests="2" skipped="0" failures="0" errors="0" timestamp="2018-09-05T17:39:15" hostname="Todds-MacBook-Pro.local" time="0.044">
  <properties/>
  <testcase name="simpleWithCustomMdc" classname="todd.spike.SlfSpike" time="0.037"/>
  <testcase name="stacktrace" classname="todd.spike.SlfSpike" time="0.006"/>
  <system-out><![CDATA[{
  "traceId" : "traceId1234",
  "instance" : "Test worker",
  "level" : "INFO",
  "logger" : "todd.spike.SlfSpike",
  "eventType" : "event",
  "message" : "foo",
  "threadId" : 11,
  "firstName" : "Dorothy",
  "environment" : "local dev",
  "stepName" : "step",
  "host" : null,
  "action" : "action",
  "vin" : "vin1234",
  "applicationId" : "appId"
}
{
  "traceId" : "traceId1234",
  "instance" : "Test worker",
  "level" : "INFO",
  "logger" : "todd.spike.SlfSpike",
  "thrown" : {
    "fileName" : "FakeService.java",
    "name" : "java.lang.IllegalStateException",
    "methodName" : "doIt",
    "thrown" : {
      "fileName" : "FakeService.java",
      "name" : "java.lang.Exception",
      "methodName" : "doTheThing",
      "className" : "todd.spike.FakeService",
      "message" : "error here",
      "lineNumber" : 13
    },
    "className" : "todd.spike.FakeService",
    "message" : "Whoops",
    "lineNumber" : 8
  },
  "eventType" : "event",
  "message" : "failed",
  "threadId" : 11,
  "firstName" : "Dorothy",
  "environment" : "local dev",
  "stepName" : "step",
  "host" : null,
  "action" : "action",
  "vin" : "vin1234",
  "stackTrace" : [ "FakeService.java:todd.spike.FakeService:doIt:8", "SlfSpike.java:todd.spike.SlfSpike:stacktrace:49", "NativeMethodAccessorImpl.java:sun.reflect.NativeMethodAccessorImpl:invoke0:-2", "NativeMethodAccessorImpl.java:sun.reflect.NativeMethodAccessorImpl:invoke:62", "DelegatingMethodAccessorImpl.java:sun.reflect.DelegatingMethodAccessorImpl:invoke:43", "Method.java:java.lang.reflect.Method:invoke:498", "FrameworkMethod.java:org.junit.runners.model.FrameworkMethod$1:runReflectiveCall:50", "ReflectiveCallable.java:org.junit.internal.runners.model.ReflectiveCallable:run:12", "FrameworkMethod.java:org.junit.runners.model.FrameworkMethod:invokeExplosively:47", "InvokeMethod.java:org.junit.internal.runners.statements.InvokeMethod:evaluate:17", "RunBefores.java:org.junit.internal.runners.statements.RunBefores:evaluate:26", "ParentRunner.java:org.junit.runners.ParentRunner:runLeaf:325", "BlockJUnit4ClassRunner.java:org.junit.runners.BlockJUnit4ClassRunner:runChild:78", "BlockJUnit4ClassRunner.java:org.junit.runners.BlockJUnit4ClassRunner:runChild:57", "ParentRunner.java:org.junit.runners.ParentRunner$3:run:290", "ParentRunner.java:org.junit.runners.ParentRunner$1:schedule:71", "ParentRunner.java:org.junit.runners.ParentRunner:runChildren:288", "ParentRunner.java:org.junit.runners.ParentRunner:access$000:58", "ParentRunner.java:org.junit.runners.ParentRunner$2:evaluate:268", "ParentRunner.java:org.junit.runners.ParentRunner:run:363", "JUnitTestClassExecutor.java:org.gradle.api.internal.tasks.testing.junit.JUnitTestClassExecutor:runTestClass:106", "JUnitTestClassExecutor.java:org.gradle.api.internal.tasks.testing.junit.JUnitTestClassExecutor:execute:58", "JUnitTestClassExecutor.java:org.gradle.api.internal.tasks.testing.junit.JUnitTestClassExecutor:execute:38", "AbstractJUnitTestClassProcessor.java:org.gradle.api.internal.tasks.testing.junit.AbstractJUnitTestClassProcessor:processTestClass:66", "SuiteTestClassProcessor.java:org.gradle.api.internal.tasks.testing.SuiteTestClassProcessor:processTestClass:51", "NativeMethodAccessorImpl.java:sun.reflect.NativeMethodAccessorImpl:invoke0:-2", "NativeMethodAccessorImpl.java:sun.reflect.NativeMethodAccessorImpl:invoke:62", "DelegatingMethodAccessorImpl.java:sun.reflect.DelegatingMethodAccessorImpl:invoke:43", "Method.java:java.lang.reflect.Method:invoke:498", "ReflectionDispatch.java:org.gradle.internal.dispatch.ReflectionDispatch:dispatch:35", "ReflectionDispatch.java:org.gradle.internal.dispatch.ReflectionDispatch:dispatch:24", "ContextClassLoaderDispatch.java:org.gradle.internal.dispatch.ContextClassLoaderDispatch:dispatch:32", "ProxyDispatchAdapter.java:org.gradle.internal.dispatch.ProxyDispatchAdapter$DispatchingInvocationHandler:invoke:93", "null:com.sun.proxy.$Proxy1:processTestClass:-1", "TestWorker.java:org.gradle.api.internal.tasks.testing.worker.TestWorker:processTestClass:109", "NativeMethodAccessorImpl.java:sun.reflect.NativeMethodAccessorImpl:invoke0:-2", "NativeMethodAccessorImpl.java:sun.reflect.NativeMethodAccessorImpl:invoke:62", "DelegatingMethodAccessorImpl.java:sun.reflect.DelegatingMethodAccessorImpl:invoke:43", "Method.java:java.lang.reflect.Method:invoke:498", "ReflectionDispatch.java:org.gradle.internal.dispatch.ReflectionDispatch:dispatch:35", "ReflectionDispatch.java:org.gradle.internal.dispatch.ReflectionDispatch:dispatch:24", "MessageHubBackedObjectConnection.java:org.gradle.internal.remote.internal.hub.MessageHubBackedObjectConnection$DispatchWrapper:dispatch:155", "MessageHubBackedObjectConnection.java:org.gradle.internal.remote.internal.hub.MessageHubBackedObjectConnection$DispatchWrapper:dispatch:137", "MessageHub.java:org.gradle.internal.remote.internal.hub.MessageHub$Handler:run:404", "ExecutorPolicy.java:org.gradle.internal.concurrent.ExecutorPolicy$CatchAndRecordFailures:onExecute:63", "ManagedExecutorImpl.java:org.gradle.internal.concurrent.ManagedExecutorImpl$1:run:46", "ThreadPoolExecutor.java:java.util.concurrent.ThreadPoolExecutor:runWorker:1149", "ThreadPoolExecutor.java:java.util.concurrent.ThreadPoolExecutor$Worker:run:624", "ThreadFactoryImpl.java:org.gradle.internal.concurrent.ThreadFactoryImpl$ManagedThreadRunnable:run:55", "Thread.java:java.lang.Thread:run:748" ],
  "applicationId" : "appId"
}
]]></system-out>
  <system-err><![CDATA[]]></system-err>
</testsuite>
